Build started 2015/6/23 22:20:48.
     1>Project "C:\vc_programs\OpenCLQuery\OpenCLQuery\OpenCLQuery.vcxproj" on node 2 (Build target(s)).
     1>ClCompile:
         C:\Program Files (x86)\Microsoft Visual Studio 12.0\VC\bin\x86_amd64\CL.exe /c /I"C:\Program Files (x86)\AMD APP SDK\3.0-0-Beta\/include" /nologo /W3 /WX- /sdl /O2 /Oi /GL /D WIN32 /D NDEBUG /D _CRT_SECURE_NO_WARNINGS /D _WINDOWS /D _UNICODE /D UNICODE /Gm- /MT /GS- /Gy /fp:precise /Zc:wchar_t /Zc:forScope /GR- /Yc"stdafx.h" /Fp"x64\Release\OpenCLQuery.pch" /Fo"x64\Release\\" /Fd"x64\Release\vc120.pdb" /Gd /TP /errorReport:prompt stdafx.cpp
     1>cl : Command line warning D9025: overriding '/sdl' with '/GS-'
         stdafx.cpp
         C:\Program Files (x86)\Microsoft Visual Studio 12.0\VC\bin\x86_amd64\CL.exe /c /I"C:\Program Files (x86)\AMD APP SDK\3.0-0-Beta\/include" /nologo /W3 /WX- /sdl /O2 /Oi /GL /D WIN32 /D NDEBUG /D _CRT_SECURE_NO_WARNINGS /D _WINDOWS /D _UNICODE /D UNICODE /Gm- /MT /GS- /Gy /fp:precise /Zc:wchar_t /Zc:forScope /GR- /Fo"x64\Release\\" /Fd"x64\Release\vc120.pdb" /Gd /TC /errorReport:prompt main.c ocl_query.c
     1>cl : Command line warning D9025: overriding '/sdl' with '/GS-'
         main.c
     1>main.c : warning C4819: The file contains a character that cannot be represented in the current code page (936). Save the file in Unicode format to prevent data loss
     1>c:\vc_programs\openclquery\openclquery\ocl_query.h : warning C4819: The file contains a character that cannot be represented in the current code page (936). Save the file in Unicode format to prevent data loss
         ocl_query.c
     1>ocl_query.c : warning C4819: The file contains a character that cannot be represented in the current code page (936). Save the file in Unicode format to prevent data loss
     1>c:\vc_programs\openclquery\openclquery\ocl_query.h : warning C4819: The file contains a character that cannot be represented in the current code page (936). Save the file in Unicode format to prevent data loss
     1>ocl_query.c(134): warning C4996: 'clCreateCommandQueue': was declared deprecated
                 C:\Program Files (x86)\AMD APP SDK\3.0-0-Beta\/include\CL/cl.h(1359) : see declaration of 'clCreateCommandQueue'
       ResourceCompile:
         C:\Program Files (x86)\Windows Kits\8.1\bin\x86\rc.exe /D _UNICODE /D UNICODE /l"0x0409" /nologo /fo"x64\Release\OpenCLQuery.res" OpenCLQuery.rc 
       Link:
         C:\Program Files (x86)\Microsoft Visual Studio 12.0\VC\bin\x86_amd64\link.exe /ERRORREPORT:PROMPT /OUT:"C:\vc_programs\OpenCLQuery\x64\Release\OpenCLQuery.exe" /INCREMENTAL:NO /NOLOGO /LIBPATH:"C:\Program Files (x86)\AMD APP SDK\3.0-0-Beta\\lib\x86_64" kernel32.lib OpenCL.lib user32.lib gdi32.lib winspool.lib comdlg32.lib advapi32.lib shell32.lib ole32.lib oleaut32.lib uuid.lib odbc32.lib odbccp32.lib kernel32.lib user32.lib gdi32.lib winspool.lib comdlg32.lib advapi32.lib shell32.lib ole32.lib oleaut32.lib uuid.lib odbc32.lib odbccp32.lib /MANIFEST /MANIFESTUAC:"level='asInvoker' uiAccess='false'" /manifest:embed /DEBUG /PDB:"C:\vc_programs\OpenCLQuery\x64\Release\OpenCLQuery.pdb" /SUBSYSTEM:WINDOWS /OPT:REF /OPT:ICF /LTCG /TLBID:1 /DYNAMICBASE /NXCOMPAT /IMPLIB:"C:\vc_programs\OpenCLQuery\x64\Release\OpenCLQuery.lib" /MACHINE:X64 x64\Release\OpenCLQuery.res
         x64\Release\main.obj
         x64\Release\ocl_query.obj
         x64\Release\stdafx.obj
         Generating code
         Finished generating code
         OpenCLQuery.vcxproj -> C:\vc_programs\OpenCLQuery\x64\Release\OpenCLQuery.exe
     1>Done Building Project "C:\vc_programs\OpenCLQuery\OpenCLQuery\OpenCLQuery.vcxproj" (Build target(s)).

Build succeeded.

Time Elapsed 00:00:01.26
